
> @gestao-obras/web@0.1.0 build
> next build

  ▲ Next.js 14.2.5

   Creating an optimized production build ...
 ✓ Compiled successfully
   Linting and checking validity of types ...
   Collecting page data ...
   Generating static pages (0/13) ...
   Generating static pages (3/13) 
   Generating static pages (6/13) 
   Generating static pages (9/13) 
 ✓ Generating static pages (13/13)
   Finalizing page optimization ...
   Collecting build traces ...

Route (app)                              Size     First Load JS
┌ ○ /                                    142 B          87.2 kB
├ ○ /_not-found                          873 B          87.9 kB
├ ○ /clientes                            1.16 kB        88.2 kB
├ ○ /cotacoes                            1.16 kB        88.2 kB
├ ○ /dashboard                           142 B          87.2 kB
├ ○ /fornecedores                        1.16 kB        88.2 kB
├ ○ /login                               1.01 kB        88.1 kB
├ ○ /obras                               1.16 kB        88.2 kB
├ ○ /orcamentos                          1.16 kB        88.2 kB
├ ○ /pedidos                             1.16 kB        88.2 kB
└ ○ /solicitacoes                        1.16 kB        88.2 kB
+ First Load JS shared by all            87.1 kB
  ├ chunks/1dd3208c-7627ab90ada94d06.js  53.6 kB
  ├ chunks/286-c0af686877155b82.js       31.5 kB
  └ other shared chunks (total)          1.9 kB


○  (Static)  prerendered as static content

